2020-05-22 00:29:49.741  INFO 9644 --- [main] com.system.SystemRun                     : Starting SystemRun on LAPTOP-Q8FCJUBV with PID 9644 (F:\springboots\educations\ed-system\target\classes started by 许家炜 in F:\springboots\educations)
2020-05-22 00:29:49.748  INFO 9644 --- [main] com.system.SystemRun                     : No active profile set, falling back to default profiles: default
2020-05-22 00:29:51.036  INFO 9644 --- [main] .s.d.r.c.RepositoryConfigurationDelegate : Multiple Spring Data modules found, entering strict repository configuration mode!
2020-05-22 00:29:51.037  INFO 9644 --- [main] .s.d.r.c.RepositoryConfigurationDelegate : Bootstrapping Spring Data Redis repositories in DEFAULT mode.
2020-05-22 00:29:51.063  INFO 9644 --- [main] .s.d.r.c.RepositoryConfigurationDelegate : Finished Spring Data repository scanning in 15ms. Found 0 Redis repository interfaces.
2020-05-22 00:29:51.385  INFO 9644 --- [main] trationDelegate$BeanPostProcessorChecker : Bean 'org.springframework.security.config.annotation.configuration.ObjectPostProcessorConfiguration' of type [org.springframework.security.config.annotation.configuration.ObjectPostProcessorConfiguration] is not eligible for getting processed by all BeanPostProcessors (for example: not eligible for auto-proxying)
2020-05-22 00:29:51.388  INFO 9644 --- [main] trationDelegate$BeanPostProcessorChecker : Bean 'objectPostProcessor' of type [org.springframework.security.config.annotation.configuration.AutowireBeanFactoryObjectPostProcessor] is not eligible for getting processed by all BeanPostProcessors (for example: not eligible for auto-proxying)
2020-05-22 00:29:51.390  INFO 9644 --- [main] trationDelegate$BeanPostProcessorChecker : Bean 'org.springframework.security.access.expression.method.DefaultMethodSecurityExpressionHandler@75308740' of type [org.springframework.security.access.expression.method.DefaultMethodSecurityExpressionHandler] is not eligible for getting processed by all BeanPostProcessors (for example: not eligible for auto-proxying)
2020-05-22 00:29:51.392  INFO 9644 --- [main] trationDelegate$BeanPostProcessorChecker : Bean 'org.springframework.security.config.annotation.method.configuration.GlobalMethodSecurityConfiguration' of type [org.springframework.security.config.annotation.method.configuration.GlobalMethodSecurityConfiguration] is not eligible for getting processed by all BeanPostProcessors (for example: not eligible for auto-proxying)
2020-05-22 00:29:51.396  INFO 9644 --- [main] trationDelegate$BeanPostProcessorChecker : Bean 'methodSecurityMetadataSource' of type [org.springframework.security.access.method.DelegatingMethodSecurityMetadataSource] is not eligible for getting processed by all BeanPostProcessors (for example: not eligible for auto-proxying)
2020-05-22 00:29:51.610  INFO 9644 --- [main] o.s.b.w.embedded.tomcat.TomcatWebServer  : Tomcat initialized with port(s): 8081 (http)
2020-05-22 00:29:51.619  INFO 9644 --- [main] o.apache.catalina.core.StandardService   : Starting service [Tomcat]
2020-05-22 00:29:51.619  INFO 9644 --- [main] org.apache.catalina.core.StandardEngine  : Starting Servlet engine: [Apache Tomcat/9.0.33]
2020-05-22 00:29:51.693  INFO 9644 --- [main] o.a.c.c.C.[Tomcat].[localhost].[/sys]    : Initializing Spring embedded WebApplicationContext
2020-05-22 00:29:51.693  INFO 9644 --- [main] o.s.web.context.ContextLoader            : Root WebApplicationContext: initialization completed in 1885 ms
2020-05-22 00:29:52.558  INFO 9644 --- [main] pertySourcedRequestMappingHandlerMapping : Mapped URL path [/v2/api-docs] onto method [springfox.documentation.swagger2.web.Swagger2Controller#getDocumentation(String, HttpServletRequest)]
2020-05-22 00:29:52.708  INFO 9644 --- [main] o.s.s.concurrent.ThreadPoolTaskExecutor  : Initializing ExecutorService 'applicationTaskExecutor'
2020-05-22 00:29:52.818  WARN 9644 --- [main] ion$DefaultTemplateResolverConfiguration : Cannot find template location: classpath:/templates/ (please add some templates or check your Thymeleaf configuration)
2020-05-22 00:29:53.149  INFO 9644 --- [main] o.s.s.web.DefaultSecurityFilterChain     : Creating filter chain: Ant [pattern='/index.html'], []
2020-05-22 00:29:53.149  INFO 9644 --- [main] o.s.s.web.DefaultSecurityFilterChain     : Creating filter chain: Ant [pattern='/static/**'], []
2020-05-22 00:29:53.149  INFO 9644 --- [main] o.s.s.web.DefaultSecurityFilterChain     : Creating filter chain: Ant [pattern='/login_p'], []
2020-05-22 00:29:53.181  INFO 9644 --- [main] o.s.s.web.DefaultSecurityFilterChain     : Creating filter chain: any request, [org.springframework.security.web.context.request.async.WebAsyncManagerIntegrationFilter@1282e98, org.springframework.security.web.context.SecurityContextPersistenceFilter@27da994b, org.springframework.security.web.header.HeaderWriterFilter@96abc76, org.springframework.security.web.authentication.logout.LogoutFilter@2f04993d, org.springframework.security.web.authentication.UsernamePasswordAuthenticationFilter@569348e1, org.springframework.security.web.authentication.ui.DefaultLoginPageGeneratingFilter@7767bd4e, org.springframework.security.web.authentication.ui.DefaultLogoutPageGeneratingFilter@4db0ba1c, org.springframework.security.web.savedrequest.RequestCacheAwareFilter@3360283, org.springframework.security.web.servletapi.SecurityContextHolderAwareRequestFilter@573aeab2, org.springframework.security.web.authentication.AnonymousAuthenticationFilter@1d91fa02, org.springframework.security.web.session.SessionManagementFilter@437281c5, org.springframework.security.web.access.ExceptionTranslationFilter@4b28a7bf, org.springframework.security.web.access.intercept.FilterSecurityInterceptor@1537c744]
2020-05-22 00:29:53.222  INFO 9644 --- [main] d.s.w.p.DocumentationPluginsBootstrapper : Context refreshed
2020-05-22 00:29:53.235  INFO 9644 --- [main] d.s.w.p.DocumentationPluginsBootstrapper : Found 1 custom documentation plugin(s)
2020-05-22 00:29:53.258  INFO 9644 --- [main] s.d.s.w.s.ApiListingReferenceScanner     : Scanning for api listing references
2020-05-22 00:29:53.372  INFO 9644 --- [main] .d.s.w.r.o.CachingOperationNameGenerator : Generating unique operation named: updateCoAuditByIdUsingGET_1
2020-05-22 00:29:53.383  INFO 9644 --- [main] .d.s.w.r.o.CachingOperationNameGenerator : Generating unique operation named: courseFindAllUsingGET_1
2020-05-22 00:29:53.405  INFO 9644 --- [main] .d.s.w.r.o.CachingOperationNameGenerator : Generating unique operation named: courseFindAllUsingGET_2
2020-05-22 00:29:53.409  INFO 9644 --- [main] .d.s.w.r.o.CachingOperationNameGenerator : Generating unique operation named: updateInfoUsingPOST_1
2020-05-22 00:29:53.429  INFO 9644 --- [main] .d.s.w.r.o.CachingOperationNameGenerator : Generating unique operation named: updateInfoUsingPOST_2
2020-05-22 00:29:53.435  INFO 9644 --- [main] .d.s.w.r.o.CachingOperationNameGenerator : Generating unique operation named: findByAllUsingGET_1
2020-05-22 00:29:53.441  INFO 9644 --- [main] .d.s.w.r.o.CachingOperationNameGenerator : Generating unique operation named: findAllUsingGET_1
2020-05-22 00:29:53.447  INFO 9644 --- [main] .d.s.w.r.o.CachingOperationNameGenerator : Generating unique operation named: findByAllUsingGET_2
2020-05-22 00:29:53.457  INFO 9644 --- [main] .d.s.w.r.o.CachingOperationNameGenerator : Generating unique operation named: findAllUsingGET_2
2020-05-22 00:29:53.464  INFO 9644 --- [main] .d.s.w.r.o.CachingOperationNameGenerator : Generating unique operation named: insertInfoUsingPOST_1
2020-05-22 00:29:53.479  INFO 9644 --- [main] .d.s.w.r.o.CachingOperationNameGenerator : Generating unique operation named: updateByIdUsingPOST_1
2020-05-22 00:29:53.513  INFO 9644 --- [main] o.s.b.w.embedded.tomcat.TomcatWebServer  : Tomcat started on port(s): 8081 (http) with context path '/sys'
2020-05-22 00:29:53.516  INFO 9644 --- [main] com.system.SystemRun                     : Started SystemRun in 4.29 seconds (JVM running for 5.681)
